# JRE version: OpenJDK Runtime Environment (17.0.6) (build 17.0.6+0-b2043.56-9586694)
# Java VM: OpenJDK 64-Bit Server VM (17.0.6+0-b2043.56-9586694, mixed mode, tiered, compressed oops, compressed class ptrs, g1 gc, windows-amd64)
GC Precious Log:
 CPUs: 6 total, 6 available
 Memory: 16172M
 Large Page Support: Disabled
 NUMA Support: Disabled
 Compressed Oops: Enabled (32-bit)
 Heap Region Size: 1M
 Heap Min Capacity: 8M
 Heap Initial Capacity: 254M
 Heap Max Capacity: 2G
 Pre-touch: Disabled
 Parallel Workers: 6
 Concurrent Workers: 2
 Concurrent Refinement Workers: 6
 Periodic GC: Disabled
Heap:
 garbage-first heap   total 125952K, used 93976K [0x0000000080000000, 0x0000000100000000)
  region size 1024K, 30 young (30720K), 2 survivors (2048K)
 Metaspace       used 46038K, committed 46464K, reserved 1089536K
  class space    used 6122K, committed 6336K, reserved 1048576K
GC Heap History (20 events):
Event: 4.313 GC heap before
{Heap before GC invocations=1 (full 0):
 garbage-first heap   total 260096K, used 36702K [0x0000000080000000, 0x0000000100000000)
  region size 1024K, 29 young (29696K), 3 survivors (3072K)
 Metaspace       used 11159K, committed 11392K, reserved 1064960K
  class space    used 1163K, committed 1280K, reserved 1048576K
}
Event: 4.315 GC heap after
{Heap after GC invocations=2 (full 0):
 garbage-first heap   total 260096K, used 11074K [0x0000000080000000, 0x0000000100000000)
  region size 1024K, 1 young (1024K), 1 survivors (1024K)
 Metaspace       used 11159K, committed 11392K, reserved 1064960K
  class space    used 1163K, committed 1280K, reserved 1048576K
}
Event: 6.504 GC heap before
{Heap before GC invocations=2 (full 0):
 garbage-first heap   total 260096K, used 55106K [0x0000000080000000, 0x0000000100000000)
  region size 1024K, 44 young (45056K), 1 survivors (1024K)
 Metaspace       used 21298K, committed 21504K, reserved 1073152K
  class space    used 2577K, committed 2688K, reserved 1048576K
}
Event: 6.509 GC heap after
{Heap after GC invocations=3 (full 0):
 garbage-first heap   total 260096K, used 18475K [0x0000000080000000, 0x0000000100000000)
  region size 1024K, 8 young (8192K), 8 survivors (8192K)
 Metaspace       used 21298K, committed 21504K, reserved 1073152K
  class space    used 2577K, committed 2688K, reserved 1048576K
}
Event: 6.975 GC heap before
{Heap before GC invocations=4 (full 0):
 garbage-first heap   total 68608K, used 51243K [0x0000000080000000, 0x0000000100000000)
  region size 1024K, 40 young (40960K), 8 survivors (8192K)
 Metaspace       used 26297K, committed 26624K, reserved 1073152K
  class space    used 3457K, committed 3648K, reserved 1048576K
}
Event: 6.979 GC heap after
{Heap after GC invocations=5 (full 0):
 garbage-first heap   total 68608K, used 20515K [0x0000000080000000, 0x0000000100000000)
  region size 1024K, 3 young (3072K), 3 survivors (3072K)
 Metaspace       used 26297K, committed 26624K, reserved 1073152K
  class space    used 3457K, committed 3648K, reserved 1048576K
}
Event: 8.029 GC heap before
{Heap before GC invocations=5 (full 0):
 garbage-first heap   total 68608K, used 51235K [0x0000000080000000, 0x0000000100000000)
  region size 1024K, 24 young (24576K), 3 survivors (3072K)
 Metaspace       used 29324K, committed 29696K, reserved 1081344K
  class space    used 3985K, committed 4160K, reserved 1048576K
}
Event: 8.032 GC heap after
{Heap after GC invocations=6 (full 0):
 garbage-first heap   total 68608K, used 33955K [0x0000000080000000, 0x0000000100000000)
  region size 1024K, 4 young (4096K), 4 survivors (4096K)
 Metaspace       used 29324K, committed 29696K, reserved 1081344K
  class space    used 3985K, committed 4160K, reserved 1048576K
}
Event: 8.084 GC heap before
{Heap before GC invocations=7 (full 0):
 garbage-first heap   total 71680K, used 40099K [0x0000000080000000, 0x0000000100000000)
  region size 1024K, 5 young (5120K), 4 survivors (4096K)
 Metaspace       used 29325K, committed 29696K, reserved 1081344K
  class space    used 3985K, committed 4160K, reserved 1048576K
}
Event: 8.085 GC heap after
{Heap after GC invocations=8 (full 0):
 garbage-first heap   total 71680K, used 40489K [0x0000000080000000, 0x0000000100000000)
  region size 1024K, 1 young (1024K), 1 survivors (1024K)
 Metaspace       used 29325K, committed 29696K, reserved 1081344K
  class space    used 3985K, committed 4160K, reserved 1048576K
}
Event: 8.185 GC heap before
{Heap before GC invocations=9 (full 0):
 garbage-first heap   total 75776K, used 42537K [0x0000000080000000, 0x0000000100000000)
  region size 1024K, 3 young (3072K), 1 survivors (1024K)
 Metaspace       used 29412K, committed 29760K, reserved 1081344K
  class space    used 3999K, committed 4160K, reserved 1048576K
}
Event: 8.186 GC heap after
{Heap after GC invocations=10 (full 0):
 garbage-first heap   total 75776K, used 42058K [0x0000000080000000, 0x0000000100000000)
  region size 1024K, 1 young (1024K), 1 survivors (1024K)
 Metaspace       used 29412K, committed 29760K, reserved 1081344K
  class space    used 3999K, committed 4160K, reserved 1048576K
}
Event: 8.233 GC heap before
{Heap before GC invocations=11 (full 0):
 garbage-first heap   total 92160K, used 52298K [0x0000000080000000, 0x0000000100000000)
  region size 1024K, 2 young (2048K), 1 survivors (1024K)
 Metaspace       used 29412K, committed 29760K, reserved 1081344K
  class space    used 3999K, committed 4160K, reserved 1048576K
}
Event: 8.234 GC heap after
{Heap after GC invocations=12 (full 0):
 garbage-first heap   total 125952K, used 52242K [0x0000000080000000, 0x0000000100000000)
  region size 1024K, 1 young (1024K), 1 survivors (1024K)
 Metaspace       used 29412K, committed 29760K, reserved 1081344K
  class space    used 3999K, committed 4160K, reserved 1048576K
}
Event: 9.225 GC heap before
{Heap before GC invocations=12 (full 0):
 garbage-first heap   total 125952K, used 96274K [0x0000000080000000, 0x0000000100000000)
  region size 1024K, 43 young (44032K), 1 survivors (1024K)
 Metaspace       used 35804K, committed 36160K, reserved 1081344K
  class space    used 4993K, committed 5120K, reserved 1048576K
}
Event: 9.228 GC heap after
{Heap after GC invocations=13 (full 0):
 garbage-first heap   total 125952K, used 57172K [0x0000000080000000, 0x0000000100000000)
  region size 1024K, 4 young (4096K), 4 survivors (4096K)
 Metaspace       used 35804K, committed 36160K, reserved 1081344K
  class space    used 4993K, committed 5120K, reserved 1048576K
}
Event: 9.625 GC heap before
{Heap before GC invocations=13 (full 0):
 garbage-first heap   total 125952K, used 98132K [0x0000000080000000, 0x0000000100000000)
  region size 1024K, 44 young (45056K), 4 survivors (4096K)
 Metaspace       used 41974K, committed 42432K, reserved 1089536K
  class space    used 5609K, committed 5824K, reserved 1048576K
}
Event: 9.629 GC heap after
{Heap after GC invocations=14 (full 0):
 garbage-first heap   total 125952K, used 62125K [0x0000000080000000, 0x0000000100000000)
  region size 1024K, 6 young (6144K), 6 survivors (6144K)
 Metaspace       used 41974K, committed 42432K, reserved 1089536K
  class space    used 5609K, committed 5824K, reserved 1048576K
}
Event: 9.639 GC heap before
{Heap before GC invocations=14 (full 0):
 garbage-first heap   total 125952K, used 63149K [0x0000000080000000, 0x0000000100000000)
  region size 1024K, 8 young (8192K), 6 survivors (6144K)
 Metaspace       used 42114K, committed 42560K, reserved 1089536K
  class space    used 5616K, committed 5824K, reserved 1048576K
}
Event: 9.643 GC heap after
{Heap after GC invocations=15 (full 0):
 garbage-first heap   total 125952K, used 63256K [0x0000000080000000, 0x0000000100000000)
  region size 1024K, 2 young (2048K), 2 survivors (2048K)
 Metaspace       used 42114K, committed 42560K, reserved 1089536K
  class space    used 5616K, committed 5824K, reserved 1048576K
}

